Restore Archived Project report for avgt_jesd204b_ad9250_ed_14_0
Mon Aug 15 09:40:42 2016
Quartus II 64-Bit Version 14.1.0 Build 186 12/03/2014 SJ Full Version


---------------------
; Table of Contents ;
---------------------
  1. Legal Notice
  2. Restore Archived Project Summary
  3. Restore Archived Project Messages
  4. Files Restored
  5. Files Not Restored



----------------
; Legal Notice ;
----------------
Copyright (C) 1991-2014 Altera Corporation. All rights reserved.
Your use of Altera Corporation's design tools, logic functions 
and other software and tools, and its AMPP partner logic 
functions, and any output files from any of the foregoing 
(including device programming or simulation files), and any 
associated documentation or information are expressly subject 
to the terms and conditions of the Altera Program License 
Subscription Agreement, the Altera Quartus II License Agreement,
the Altera MegaCore Function License Agreement, or other 
applicable license agreement, including, without limitation, 
that your use is for the sole purpose of programming logic 
devices manufactured by Altera and sold by Altera or its 
authorized distributors.  Please refer to the applicable 
agreement for further details.



+-------------------------------------------------------------------------+
; Restore Archived Project Summary                                        ;
+---------------------------------+---------------------------------------+
; Restore Archived Project Status ; Successful - Mon Aug 15 09:40:42 2016 ;
; Revision Name                   ; avgt_jesd204b_ad9250_ed_14_0          ;
; Top-level Entity Name           ; jesd204b_ed_top                       ;
; Family                          ; Arria V                               ;
+---------------------------------+---------------------------------------+


+-----------------------------------+
; Restore Archived Project Messages ;
+-----------------------------------+
Info: Successfully restored 'C:/projects/Altera/avgt_jesd204b_ad9250_ed_14.0.qar' into the 'C:\\projects\\FPGA_sketchbook\\trunk\\altera\\LTC2123_ArriaV/' directory
Info: Generated report 'avgt_jesd204b_ad9250_ed_14_0.restore.rpt'
Info (23030): Evaluation of Tcl script c:/altera/14.1/quartus/common/tcl/apps/qpm/qar.tcl was successful
Info: Quartus II 64-Bit Shell was successful. 0 errors, 0 warnings
    Info: Peak virtual memory: 339 megabytes
    Info: Processing ended: Mon Aug 15 09:40:42 2016
    Info: Elapsed time: 00:00:02
    Info: Total CPU time (on all processors): 00:00:02


+-----------------------------------------------------------------------------------------+
; Files Restored                                                                          ;
+-----------------------------------------------------------------------------------------+
; File Name                                                                               ;
+-----------------------------------------------------------------------------------------+
; qar_info.json                                                                           ;
; altera_jesd204.cmp                                                                      ;
; altera_jesd204.qip                                                                      ;
; altera_jesd204.sip                                                                      ;
; altera_jesd204.spd                                                                      ;
; altera_jesd204.v                                                                        ;
; altera_jesd204/alt_reset_ctrl_lego.sv                                                   ;
; altera_jesd204/alt_reset_ctrl_tgx_cdrauto.sv                                            ;
; altera_jesd204/alt_xcvr_csr_common.sv                                                   ;
; altera_jesd204/alt_xcvr_csr_common_h.sv                                                 ;
; altera_jesd204/alt_xcvr_csr_pcs8g.sv                                                    ;
; altera_jesd204/alt_xcvr_csr_pcs8g_h.sv                                                  ;
; altera_jesd204/alt_xcvr_csr_selector.sv                                                 ;
; altera_jesd204/alt_xcvr_mgmt2dec.sv                                                     ;
; altera_jesd204/alt_xcvr_resync.sv                                                       ;
; altera_jesd204/altera_jesd204.sdc                                                       ;
; altera_jesd204/altera_jesd204_0002.v                                                    ;
; altera_jesd204/altera_jesd204_8b10b_dec.v                                               ;
; altera_jesd204/altera_jesd204_8b10b_enc.v                                               ;
; altera_jesd204/altera_jesd204_inst_phy.v                                                ;
; altera_jesd204/altera_jesd204_phy_adapter.v                                             ;
; altera_jesd204/altera_jesd204_rx_base.v                                                 ;
; altera_jesd204/altera_jesd204_rx_csr.v                                                  ;
; altera_jesd204/altera_jesd204_rx_ctl.v                                                  ;
; altera_jesd204/altera_jesd204_rx_descrambler.v                                          ;
; altera_jesd204/altera_jesd204_rx_dll.v                                                  ;
; altera_jesd204/altera_jesd204_rx_dll_char_val.v                                         ;
; altera_jesd204/altera_jesd204_rx_dll_cs.v                                               ;
; altera_jesd204/altera_jesd204_rx_dll_data_store.v                                       ;
; altera_jesd204/altera_jesd204_rx_dll_ecc_dec.v                                          ;
; altera_jesd204/altera_jesd204_rx_dll_ecc_enc.v                                          ;
; altera_jesd204/altera_jesd204_rx_dll_ecc_fifo.v                                         ;
; altera_jesd204/altera_jesd204_rx_dll_frame_align.v                                      ;
; altera_jesd204/altera_jesd204_rx_dll_fs_char_replace.v                                  ;
; altera_jesd204/altera_jesd204_rx_dll_lane_align.v                                       ;
; altera_jesd204/altera_jesd204_rx_dll_wo_ecc_fifo.v                                      ;
; altera_jesd204/altera_jesd204_rx_mlpcs.ocp                                              ;
; altera_jesd204/altera_jesd204_rx_mlpcs.v                                                ;
; altera_jesd204/altera_jesd204_rx_pcs.v                                                  ;
; altera_jesd204/altera_jesd204_rx_regmap.v                                               ;
; altera_jesd204/altera_jesd204_tx_base.v                                                 ;
; altera_jesd204/altera_jesd204_tx_csr.v                                                  ;
; altera_jesd204/altera_jesd204_tx_ctl.v                                                  ;
; altera_jesd204/altera_jesd204_tx_dll.v                                                  ;
; altera_jesd204/altera_jesd204_tx_mlpcs.ocp                                              ;
; altera_jesd204/altera_jesd204_tx_mlpcs.v                                                ;
; altera_jesd204/altera_jesd204_tx_pcs.v                                                  ;
; altera_jesd204/altera_jesd204_tx_regmap.v                                               ;
; altera_jesd204/altera_jesd204_tx_regmap_opt.v                                           ;
; altera_jesd204/altera_jesd204_tx_scrambler.v                                            ;
; altera_jesd204/altera_jesd204_wa.v                                                      ;
; altera_jesd204/altera_jesd204_wys_lut.v                                                 ;
; altera_jesd204/altera_jesd204_xn_8b10b_dec.v                                            ;
; altera_jesd204/altera_jesd204_xn_8b10b_enc.v                                            ;
; altera_jesd204/altera_wait_generate.v                                                   ;
; altera_jesd204/altera_xcvr_data_adapter_av.sv                                           ;
; altera_jesd204/altera_xcvr_functions.sv                                                 ;
; altera_jesd204/altera_xcvr_native_av.sv                                                 ;
; altera_jesd204/altera_xcvr_native_av_functions_h.sv                                     ;
; altera_jesd204/av_hssi_8g_rx_pcs_rbc.sv                                                 ;
; altera_jesd204/av_hssi_8g_tx_pcs_rbc.sv                                                 ;
; altera_jesd204/av_hssi_common_pcs_pma_interface_rbc.sv                                  ;
; altera_jesd204/av_hssi_common_pld_pcs_interface_rbc.sv                                  ;
; altera_jesd204/av_hssi_pipe_gen1_2_rbc.sv                                               ;
; altera_jesd204/av_hssi_rx_pcs_pma_interface_rbc.sv                                      ;
; altera_jesd204/av_hssi_rx_pld_pcs_interface_rbc.sv                                      ;
; altera_jesd204/av_hssi_tx_pcs_pma_interface_rbc.sv                                      ;
; altera_jesd204/av_hssi_tx_pld_pcs_interface_rbc.sv                                      ;
; altera_jesd204/av_pcs.sv                                                                ;
; altera_jesd204/av_pcs_ch.sv                                                             ;
; altera_jesd204/av_pma.sv                                                                ;
; altera_jesd204/av_reconfig_bundle_to_basic.sv                                           ;
; altera_jesd204/av_reconfig_bundle_to_xcvr.sv                                            ;
; altera_jesd204/av_rx_pma.sv                                                             ;
; altera_jesd204/av_tx_pma.sv                                                             ;
; altera_jesd204/av_tx_pma_ch.sv                                                          ;
; altera_jesd204/av_xcvr_avmm.sv                                                          ;
; altera_jesd204/av_xcvr_avmm_csr.sv                                                      ;
; altera_jesd204/av_xcvr_data_adapter.sv                                                  ;
; altera_jesd204/av_xcvr_h.sv                                                             ;
; altera_jesd204/av_xcvr_native.sv                                                        ;
; altera_jesd204/av_xcvr_plls.sv                                                          ;
; altera_jesd204/plain_files.txt                                                          ;
; altera_jesd204/sv_reconfig_bundle_merger.sv                                             ;
; altera_jesd204/sv_reconfig_bundle_to_ip.sv                                              ;
; altera_jesd204/sv_reconfig_bundle_to_xcvr.sv                                            ;
; altera_jesd204_sim/altera_jesd204.v                                                     ;
; altera_jesd204_sim/altera_jesd204/altera_jesd204_0001.v                                 ;
; altera_jesd204_sim/altera_jesd204_phy/altera_jesd204_phy_0001.v                         ;
; altera_jesd204_sim/altera_jesd204_phy_adapter/aldec/altera_jesd204_phy_adapter.v        ;
; altera_jesd204_sim/altera_jesd204_phy_adapter/cadence/altera_jesd204_phy_adapter.v      ;
; altera_jesd204_sim/altera_jesd204_phy_adapter/mentor/altera_jesd204_phy_adapter.v       ;
; altera_jesd204_sim/altera_jesd204_phy_adapter/synopsys/altera_jesd204_phy_adapter.v     ;
; altera_jesd204_sim/altera_jesd204_rx/aldec/altera_jesd204_rx_base.v                     ;
; altera_jesd204_sim/altera_jesd204_rx/aldec/altera_jesd204_rx_csr.v                      ;
; altera_jesd204_sim/altera_jesd204_rx/aldec/altera_jesd204_rx_ctl.v                      ;
; altera_jesd204_sim/altera_jesd204_rx/aldec/altera_jesd204_rx_descrambler.v              ;
; altera_jesd204_sim/altera_jesd204_rx/aldec/altera_jesd204_rx_dll.v                      ;
; altera_jesd204_sim/altera_jesd204_rx/aldec/altera_jesd204_rx_dll_char_val.v             ;
; altera_jesd204_sim/altera_jesd204_rx/aldec/altera_jesd204_rx_dll_cs.v                   ;
; altera_jesd204_sim/altera_jesd204_rx/aldec/altera_jesd204_rx_dll_data_store.v           ;
; altera_jesd204_sim/altera_jesd204_rx/aldec/altera_jesd204_rx_dll_ecc_dec.v              ;
; altera_jesd204_sim/altera_jesd204_rx/aldec/altera_jesd204_rx_dll_ecc_enc.v              ;
; altera_jesd204_sim/altera_jesd204_rx/aldec/altera_jesd204_rx_dll_ecc_fifo.v             ;
; altera_jesd204_sim/altera_jesd204_rx/aldec/altera_jesd204_rx_dll_frame_align.v          ;
; altera_jesd204_sim/altera_jesd204_rx/aldec/altera_jesd204_rx_dll_fs_char_replace.v      ;
; altera_jesd204_sim/altera_jesd204_rx/aldec/altera_jesd204_rx_dll_lane_align.v           ;
; altera_jesd204_sim/altera_jesd204_rx/aldec/altera_jesd204_rx_dll_wo_ecc_fifo.v          ;
; altera_jesd204_sim/altera_jesd204_rx/aldec/altera_jesd204_rx_regmap.v                   ;
; altera_jesd204_sim/altera_jesd204_rx/cadence/altera_jesd204_rx_base.v                   ;
; altera_jesd204_sim/altera_jesd204_rx/cadence/altera_jesd204_rx_csr.v                    ;
; altera_jesd204_sim/altera_jesd204_rx/cadence/altera_jesd204_rx_ctl.v                    ;
; altera_jesd204_sim/altera_jesd204_rx/cadence/altera_jesd204_rx_descrambler.v            ;
; altera_jesd204_sim/altera_jesd204_rx/cadence/altera_jesd204_rx_dll.v                    ;
; altera_jesd204_sim/altera_jesd204_rx/cadence/altera_jesd204_rx_dll_char_val.v           ;
; altera_jesd204_sim/altera_jesd204_rx/cadence/altera_jesd204_rx_dll_cs.v                 ;
; altera_jesd204_sim/altera_jesd204_rx/cadence/altera_jesd204_rx_dll_data_store.v         ;
; altera_jesd204_sim/altera_jesd204_rx/cadence/altera_jesd204_rx_dll_ecc_dec.v            ;
; altera_jesd204_sim/altera_jesd204_rx/cadence/altera_jesd204_rx_dll_ecc_enc.v            ;
; altera_jesd204_sim/altera_jesd204_rx/cadence/altera_jesd204_rx_dll_ecc_fifo.v           ;
; altera_jesd204_sim/altera_jesd204_rx/cadence/altera_jesd204_rx_dll_frame_align.v        ;
; altera_jesd204_sim/altera_jesd204_rx/cadence/altera_jesd204_rx_dll_fs_char_replace.v    ;
; altera_jesd204_sim/altera_jesd204_rx/cadence/altera_jesd204_rx_dll_lane_align.v         ;
; altera_jesd204_sim/altera_jesd204_rx/cadence/altera_jesd204_rx_dll_wo_ecc_fifo.v        ;
; altera_jesd204_sim/altera_jesd204_rx/cadence/altera_jesd204_rx_regmap.v                 ;
; altera_jesd204_sim/altera_jesd204_rx/mentor/altera_jesd204_rx_base.v                    ;
; altera_jesd204_sim/altera_jesd204_rx/mentor/altera_jesd204_rx_csr.v                     ;
; altera_jesd204_sim/altera_jesd204_rx/mentor/altera_jesd204_rx_ctl.v                     ;
; altera_jesd204_sim/altera_jesd204_rx/mentor/altera_jesd204_rx_descrambler.v             ;
; altera_jesd204_sim/altera_jesd204_rx/mentor/altera_jesd204_rx_dll.v                     ;
; altera_jesd204_sim/altera_jesd204_rx/mentor/altera_jesd204_rx_dll_char_val.v            ;
; altera_jesd204_sim/altera_jesd204_rx/mentor/altera_jesd204_rx_dll_cs.v                  ;
; altera_jesd204_sim/altera_jesd204_rx/mentor/altera_jesd204_rx_dll_data_store.v          ;
; altera_jesd204_sim/altera_jesd204_rx/mentor/altera_jesd204_rx_dll_ecc_dec.v             ;
; altera_jesd204_sim/altera_jesd204_rx/mentor/altera_jesd204_rx_dll_ecc_enc.v             ;
; altera_jesd204_sim/altera_jesd204_rx/mentor/altera_jesd204_rx_dll_ecc_fifo.v            ;
; altera_jesd204_sim/altera_jesd204_rx/mentor/altera_jesd204_rx_dll_frame_align.v         ;
; altera_jesd204_sim/altera_jesd204_rx/mentor/altera_jesd204_rx_dll_fs_char_replace.v     ;
; altera_jesd204_sim/altera_jesd204_rx/mentor/altera_jesd204_rx_dll_lane_align.v          ;
; altera_jesd204_sim/altera_jesd204_rx/mentor/altera_jesd204_rx_dll_wo_ecc_fifo.v         ;
; altera_jesd204_sim/altera_jesd204_rx/mentor/altera_jesd204_rx_regmap.v                  ;
; altera_jesd204_sim/altera_jesd204_rx/synopsys/altera_jesd204_rx_base.v                  ;
; altera_jesd204_sim/altera_jesd204_rx/synopsys/altera_jesd204_rx_csr.v                   ;
; altera_jesd204_sim/altera_jesd204_rx/synopsys/altera_jesd204_rx_ctl.v                   ;
; altera_jesd204_sim/altera_jesd204_rx/synopsys/altera_jesd204_rx_descrambler.v           ;
; altera_jesd204_sim/altera_jesd204_rx/synopsys/altera_jesd204_rx_dll.v                   ;
; altera_jesd204_sim/altera_jesd204_rx/synopsys/altera_jesd204_rx_dll_char_val.v          ;
; altera_jesd204_sim/altera_jesd204_rx/synopsys/altera_jesd204_rx_dll_cs.v                ;
; altera_jesd204_sim/altera_jesd204_rx/synopsys/altera_jesd204_rx_dll_data_store.v        ;
; altera_jesd204_sim/altera_jesd204_rx/synopsys/altera_jesd204_rx_dll_ecc_dec.v           ;
; altera_jesd204_sim/altera_jesd204_rx/synopsys/altera_jesd204_rx_dll_ecc_enc.v           ;
; altera_jesd204_sim/altera_jesd204_rx/synopsys/altera_jesd204_rx_dll_ecc_fifo.v          ;
; altera_jesd204_sim/altera_jesd204_rx/synopsys/altera_jesd204_rx_dll_frame_align.v       ;
; altera_jesd204_sim/altera_jesd204_rx/synopsys/altera_jesd204_rx_dll_fs_char_replace.v   ;
; altera_jesd204_sim/altera_jesd204_rx/synopsys/altera_jesd204_rx_dll_lane_align.v        ;
; altera_jesd204_sim/altera_jesd204_rx/synopsys/altera_jesd204_rx_dll_wo_ecc_fifo.v       ;
; altera_jesd204_sim/altera_jesd204_rx/synopsys/altera_jesd204_rx_regmap.v                ;
; altera_jesd204_sim/altera_jesd204_rx_mlpcs/aldec/altera_jesd204_8b10b_dec.v             ;
; altera_jesd204_sim/altera_jesd204_rx_mlpcs/aldec/altera_jesd204_rx_mlpcs.v              ;
; altera_jesd204_sim/altera_jesd204_rx_mlpcs/aldec/altera_jesd204_rx_pcs.v                ;
; altera_jesd204_sim/altera_jesd204_rx_mlpcs/aldec/altera_jesd204_wa.v                    ;
; altera_jesd204_sim/altera_jesd204_rx_mlpcs/aldec/altera_jesd204_wys_lut.v               ;
; altera_jesd204_sim/altera_jesd204_rx_mlpcs/aldec/altera_jesd204_xn_8b10b_dec.v          ;
; altera_jesd204_sim/altera_jesd204_rx_mlpcs/cadence/altera_jesd204_8b10b_dec.v           ;
; altera_jesd204_sim/altera_jesd204_rx_mlpcs/cadence/altera_jesd204_rx_mlpcs.v            ;
; altera_jesd204_sim/altera_jesd204_rx_mlpcs/cadence/altera_jesd204_rx_pcs.v              ;
; altera_jesd204_sim/altera_jesd204_rx_mlpcs/cadence/altera_jesd204_wa.v                  ;
; altera_jesd204_sim/altera_jesd204_rx_mlpcs/cadence/altera_jesd204_wys_lut.v             ;
; altera_jesd204_sim/altera_jesd204_rx_mlpcs/cadence/altera_jesd204_xn_8b10b_dec.v        ;
; altera_jesd204_sim/altera_jesd204_rx_mlpcs/mentor/altera_jesd204_8b10b_dec.v            ;
; altera_jesd204_sim/altera_jesd204_rx_mlpcs/mentor/altera_jesd204_rx_mlpcs.v             ;
; altera_jesd204_sim/altera_jesd204_rx_mlpcs/mentor/altera_jesd204_rx_pcs.v               ;
; altera_jesd204_sim/altera_jesd204_rx_mlpcs/mentor/altera_jesd204_wa.v                   ;
; altera_jesd204_sim/altera_jesd204_rx_mlpcs/mentor/altera_jesd204_wys_lut.v              ;
; altera_jesd204_sim/altera_jesd204_rx_mlpcs/mentor/altera_jesd204_xn_8b10b_dec.v         ;
; altera_jesd204_sim/altera_jesd204_rx_mlpcs/synopsys/altera_jesd204_8b10b_dec.v          ;
; altera_jesd204_sim/altera_jesd204_rx_mlpcs/synopsys/altera_jesd204_rx_mlpcs.v           ;
; altera_jesd204_sim/altera_jesd204_rx_mlpcs/synopsys/altera_jesd204_rx_pcs.v             ;
; altera_jesd204_sim/altera_jesd204_rx_mlpcs/synopsys/altera_jesd204_wa.v                 ;
; altera_jesd204_sim/altera_jesd204_rx_mlpcs/synopsys/altera_jesd204_wys_lut.v            ;
; altera_jesd204_sim/altera_jesd204_rx_mlpcs/synopsys/altera_jesd204_xn_8b10b_dec.v       ;
; altera_jesd204_sim/altera_jesd204_tx/aldec/altera_jesd204_tx_base.v                     ;
; altera_jesd204_sim/altera_jesd204_tx/aldec/altera_jesd204_tx_csr.v                      ;
; altera_jesd204_sim/altera_jesd204_tx/aldec/altera_jesd204_tx_ctl.v                      ;
; altera_jesd204_sim/altera_jesd204_tx/aldec/altera_jesd204_tx_dll.v                      ;
; altera_jesd204_sim/altera_jesd204_tx/aldec/altera_jesd204_tx_regmap.v                   ;
; altera_jesd204_sim/altera_jesd204_tx/aldec/altera_jesd204_tx_regmap_opt.v               ;
; altera_jesd204_sim/altera_jesd204_tx/aldec/altera_jesd204_tx_scrambler.v                ;
; altera_jesd204_sim/altera_jesd204_tx/cadence/altera_jesd204_tx_base.v                   ;
; altera_jesd204_sim/altera_jesd204_tx/cadence/altera_jesd204_tx_csr.v                    ;
; altera_jesd204_sim/altera_jesd204_tx/cadence/altera_jesd204_tx_ctl.v                    ;
; altera_jesd204_sim/altera_jesd204_tx/cadence/altera_jesd204_tx_dll.v                    ;
; altera_jesd204_sim/altera_jesd204_tx/cadence/altera_jesd204_tx_regmap.v                 ;
; altera_jesd204_sim/altera_jesd204_tx/cadence/altera_jesd204_tx_regmap_opt.v             ;
; altera_jesd204_sim/altera_jesd204_tx/cadence/altera_jesd204_tx_scrambler.v              ;
; altera_jesd204_sim/altera_jesd204_tx/mentor/altera_jesd204_tx_base.v                    ;
; altera_jesd204_sim/altera_jesd204_tx/mentor/altera_jesd204_tx_csr.v                     ;
; altera_jesd204_sim/altera_jesd204_tx/mentor/altera_jesd204_tx_ctl.v                     ;
; altera_jesd204_sim/altera_jesd204_tx/mentor/altera_jesd204_tx_dll.v                     ;
; altera_jesd204_sim/altera_jesd204_tx/mentor/altera_jesd204_tx_regmap.v                  ;
; altera_jesd204_sim/altera_jesd204_tx/mentor/altera_jesd204_tx_regmap_opt.v              ;
; altera_jesd204_sim/altera_jesd204_tx/mentor/altera_jesd204_tx_scrambler.v               ;
; altera_jesd204_sim/altera_jesd204_tx/synopsys/altera_jesd204_tx_base.v                  ;
; altera_jesd204_sim/altera_jesd204_tx/synopsys/altera_jesd204_tx_csr.v                   ;
; altera_jesd204_sim/altera_jesd204_tx/synopsys/altera_jesd204_tx_ctl.v                   ;
; altera_jesd204_sim/altera_jesd204_tx/synopsys/altera_jesd204_tx_dll.v                   ;
; altera_jesd204_sim/altera_jesd204_tx/synopsys/altera_jesd204_tx_regmap.v                ;
; altera_jesd204_sim/altera_jesd204_tx/synopsys/altera_jesd204_tx_regmap_opt.v            ;
; altera_jesd204_sim/altera_jesd204_tx/synopsys/altera_jesd204_tx_scrambler.v             ;
; altera_jesd204_sim/altera_jesd204_tx_mlpcs/aldec/altera_jesd204_8b10b_enc.v             ;
; altera_jesd204_sim/altera_jesd204_tx_mlpcs/aldec/altera_jesd204_tx_mlpcs.v              ;
; altera_jesd204_sim/altera_jesd204_tx_mlpcs/aldec/altera_jesd204_tx_pcs.v                ;
; altera_jesd204_sim/altera_jesd204_tx_mlpcs/aldec/altera_jesd204_wys_lut.v               ;
; altera_jesd204_sim/altera_jesd204_tx_mlpcs/aldec/altera_jesd204_xn_8b10b_enc.v          ;
; altera_jesd204_sim/altera_jesd204_tx_mlpcs/cadence/altera_jesd204_8b10b_enc.v           ;
; altera_jesd204_sim/altera_jesd204_tx_mlpcs/cadence/altera_jesd204_tx_mlpcs.v            ;
; altera_jesd204_sim/altera_jesd204_tx_mlpcs/cadence/altera_jesd204_tx_pcs.v              ;
; altera_jesd204_sim/altera_jesd204_tx_mlpcs/cadence/altera_jesd204_wys_lut.v             ;
; altera_jesd204_sim/altera_jesd204_tx_mlpcs/cadence/altera_jesd204_xn_8b10b_enc.v        ;
; altera_jesd204_sim/altera_jesd204_tx_mlpcs/mentor/altera_jesd204_8b10b_enc.v            ;
; altera_jesd204_sim/altera_jesd204_tx_mlpcs/mentor/altera_jesd204_tx_mlpcs.v             ;
; altera_jesd204_sim/altera_jesd204_tx_mlpcs/mentor/altera_jesd204_tx_pcs.v               ;
; altera_jesd204_sim/altera_jesd204_tx_mlpcs/mentor/altera_jesd204_wys_lut.v              ;
; altera_jesd204_sim/altera_jesd204_tx_mlpcs/mentor/altera_jesd204_xn_8b10b_enc.v         ;
; altera_jesd204_sim/altera_jesd204_tx_mlpcs/synopsys/altera_jesd204_8b10b_enc.v          ;
; altera_jesd204_sim/altera_jesd204_tx_mlpcs/synopsys/altera_jesd204_tx_mlpcs.v           ;
; altera_jesd204_sim/altera_jesd204_tx_mlpcs/synopsys/altera_jesd204_tx_pcs.v             ;
; altera_jesd204_sim/altera_jesd204_tx_mlpcs/synopsys/altera_jesd204_wys_lut.v            ;
; altera_jesd204_sim/altera_jesd204_tx_mlpcs/synopsys/altera_jesd204_xn_8b10b_enc.v       ;
; altera_jesd204_sim/altera_xcvr_native_av/aldec_files.txt                                ;
; altera_jesd204_sim/altera_xcvr_native_av/alt_reset_ctrl_lego.sv                         ;
; altera_jesd204_sim/altera_xcvr_native_av/alt_reset_ctrl_tgx_cdrauto.sv                  ;
; altera_jesd204_sim/altera_xcvr_native_av/alt_xcvr_csr_common.sv                         ;
; altera_jesd204_sim/altera_xcvr_native_av/alt_xcvr_csr_common_h.sv                       ;
; altera_jesd204_sim/altera_xcvr_native_av/alt_xcvr_csr_pcs8g.sv                          ;
; altera_jesd204_sim/altera_xcvr_native_av/alt_xcvr_csr_pcs8g_h.sv                        ;
; altera_jesd204_sim/altera_xcvr_native_av/alt_xcvr_csr_selector.sv                       ;
; altera_jesd204_sim/altera_xcvr_native_av/alt_xcvr_mgmt2dec.sv                           ;
; altera_jesd204_sim/altera_xcvr_native_av/alt_xcvr_resync.sv                             ;
; altera_jesd204_sim/altera_xcvr_native_av/altera_wait_generate.v                         ;
; altera_jesd204_sim/altera_xcvr_native_av/altera_xcvr_data_adapter_av.sv                 ;
; altera_jesd204_sim/altera_xcvr_native_av/altera_xcvr_functions.sv                       ;
; altera_jesd204_sim/altera_xcvr_native_av/altera_xcvr_native_av.sv                       ;
; altera_jesd204_sim/altera_xcvr_native_av/altera_xcvr_native_av_functions_h.sv           ;
; altera_jesd204_sim/altera_xcvr_native_av/av_hssi_8g_rx_pcs_rbc.sv                       ;
; altera_jesd204_sim/altera_xcvr_native_av/av_hssi_8g_tx_pcs_rbc.sv                       ;
; altera_jesd204_sim/altera_xcvr_native_av/av_hssi_common_pcs_pma_interface_rbc.sv        ;
; altera_jesd204_sim/altera_xcvr_native_av/av_hssi_common_pld_pcs_interface_rbc.sv        ;
; altera_jesd204_sim/altera_xcvr_native_av/av_hssi_pipe_gen1_2_rbc.sv                     ;
; altera_jesd204_sim/altera_xcvr_native_av/av_hssi_rx_pcs_pma_interface_rbc.sv            ;
; altera_jesd204_sim/altera_xcvr_native_av/av_hssi_rx_pld_pcs_interface_rbc.sv            ;
; altera_jesd204_sim/altera_xcvr_native_av/av_hssi_tx_pcs_pma_interface_rbc.sv            ;
; altera_jesd204_sim/altera_xcvr_native_av/av_hssi_tx_pld_pcs_interface_rbc.sv            ;
; altera_jesd204_sim/altera_xcvr_native_av/av_pcs.sv                                      ;
; altera_jesd204_sim/altera_xcvr_native_av/av_pcs_ch.sv                                   ;
; altera_jesd204_sim/altera_xcvr_native_av/av_pma.sv                                      ;
; altera_jesd204_sim/altera_xcvr_native_av/av_reconfig_bundle_to_basic.sv                 ;
; altera_jesd204_sim/altera_xcvr_native_av/av_reconfig_bundle_to_xcvr.sv                  ;
; altera_jesd204_sim/altera_xcvr_native_av/av_rx_pma.sv                                   ;
; altera_jesd204_sim/altera_xcvr_native_av/av_tx_pma.sv                                   ;
; altera_jesd204_sim/altera_xcvr_native_av/av_tx_pma_ch.sv                                ;
; altera_jesd204_sim/altera_xcvr_native_av/av_xcvr_avmm.sv                                ;
; altera_jesd204_sim/altera_xcvr_native_av/av_xcvr_avmm_csr.sv                            ;
; altera_jesd204_sim/altera_xcvr_native_av/av_xcvr_data_adapter.sv                        ;
; altera_jesd204_sim/altera_xcvr_native_av/av_xcvr_h.sv                                   ;
; altera_jesd204_sim/altera_xcvr_native_av/av_xcvr_native.sv                              ;
; altera_jesd204_sim/altera_xcvr_native_av/av_xcvr_plls.sv                                ;
; altera_jesd204_sim/altera_xcvr_native_av/cadence_files.txt                              ;
; altera_jesd204_sim/altera_xcvr_native_av/mentor/alt_reset_ctrl_lego.sv                  ;
; altera_jesd204_sim/altera_xcvr_native_av/mentor/alt_reset_ctrl_tgx_cdrauto.sv           ;
; altera_jesd204_sim/altera_xcvr_native_av/mentor/alt_xcvr_csr_common.sv                  ;
; altera_jesd204_sim/altera_xcvr_native_av/mentor/alt_xcvr_csr_common_h.sv                ;
; altera_jesd204_sim/altera_xcvr_native_av/mentor/alt_xcvr_csr_pcs8g.sv                   ;
; altera_jesd204_sim/altera_xcvr_native_av/mentor/alt_xcvr_csr_pcs8g_h.sv                 ;
; altera_jesd204_sim/altera_xcvr_native_av/mentor/alt_xcvr_csr_selector.sv                ;
; altera_jesd204_sim/altera_xcvr_native_av/mentor/alt_xcvr_mgmt2dec.sv                    ;
; altera_jesd204_sim/altera_xcvr_native_av/mentor/alt_xcvr_resync.sv                      ;
; altera_jesd204_sim/altera_xcvr_native_av/mentor/altera_wait_generate.v                  ;
; altera_jesd204_sim/altera_xcvr_native_av/mentor/altera_xcvr_data_adapter_av.sv          ;
; altera_jesd204_sim/altera_xcvr_native_av/mentor/altera_xcvr_functions.sv                ;
; altera_jesd204_sim/altera_xcvr_native_av/mentor/altera_xcvr_native_av.sv                ;
; altera_jesd204_sim/altera_xcvr_native_av/mentor/altera_xcvr_native_av_functions_h.sv    ;
; altera_jesd204_sim/altera_xcvr_native_av/mentor/av_hssi_8g_rx_pcs_rbc.sv                ;
; altera_jesd204_sim/altera_xcvr_native_av/mentor/av_hssi_8g_tx_pcs_rbc.sv                ;
; altera_jesd204_sim/altera_xcvr_native_av/mentor/av_hssi_common_pcs_pma_interface_rbc.sv ;
; altera_jesd204_sim/altera_xcvr_native_av/mentor/av_hssi_common_pld_pcs_interface_rbc.sv ;
; altera_jesd204_sim/altera_xcvr_native_av/mentor/av_hssi_pipe_gen1_2_rbc.sv              ;
; altera_jesd204_sim/altera_xcvr_native_av/mentor/av_hssi_rx_pcs_pma_interface_rbc.sv     ;
; altera_jesd204_sim/altera_xcvr_native_av/mentor/av_hssi_rx_pld_pcs_interface_rbc.sv     ;
; altera_jesd204_sim/altera_xcvr_native_av/mentor/av_hssi_tx_pcs_pma_interface_rbc.sv     ;
; altera_jesd204_sim/altera_xcvr_native_av/mentor/av_hssi_tx_pld_pcs_interface_rbc.sv     ;
; altera_jesd204_sim/altera_xcvr_native_av/mentor/av_pcs.sv                               ;
; altera_jesd204_sim/altera_xcvr_native_av/mentor/av_pcs_ch.sv                            ;
; altera_jesd204_sim/altera_xcvr_native_av/mentor/av_pma.sv                               ;
; altera_jesd204_sim/altera_xcvr_native_av/mentor/av_reconfig_bundle_to_basic.sv          ;
; altera_jesd204_sim/altera_xcvr_native_av/mentor/av_reconfig_bundle_to_xcvr.sv           ;
; altera_jesd204_sim/altera_xcvr_native_av/mentor/av_rx_pma.sv                            ;
; altera_jesd204_sim/altera_xcvr_native_av/mentor/av_tx_pma.sv                            ;
; altera_jesd204_sim/altera_xcvr_native_av/mentor/av_tx_pma_ch.sv                         ;
; altera_jesd204_sim/altera_xcvr_native_av/mentor/av_xcvr_avmm.sv                         ;
; altera_jesd204_sim/altera_xcvr_native_av/mentor/av_xcvr_avmm_csr.sv                     ;
; altera_jesd204_sim/altera_xcvr_native_av/mentor/av_xcvr_data_adapter.sv                 ;
; altera_jesd204_sim/altera_xcvr_native_av/mentor/av_xcvr_h.sv                            ;
; altera_jesd204_sim/altera_xcvr_native_av/mentor/av_xcvr_native.sv                       ;
; altera_jesd204_sim/altera_xcvr_native_av/mentor/av_xcvr_plls.sv                         ;
; altera_jesd204_sim/altera_xcvr_native_av/mentor/sv_reconfig_bundle_merger.sv            ;
; altera_jesd204_sim/altera_xcvr_native_av/mentor/sv_reconfig_bundle_to_ip.sv             ;
; altera_jesd204_sim/altera_xcvr_native_av/mentor/sv_reconfig_bundle_to_xcvr.sv           ;
; altera_jesd204_sim/altera_xcvr_native_av/mentor_files.txt                               ;
; altera_jesd204_sim/altera_xcvr_native_av/plain_files.txt                                ;
; altera_jesd204_sim/altera_xcvr_native_av/sv_reconfig_bundle_merger.sv                   ;
; altera_jesd204_sim/altera_xcvr_native_av/sv_reconfig_bundle_to_ip.sv                    ;
; altera_jesd204_sim/altera_xcvr_native_av/sv_reconfig_bundle_to_xcvr.sv                  ;
; altera_jesd204_sim/altera_xcvr_native_av/synopsys_files.txt                             ;
; altera_reset_controller_0.v                                                             ;
; altera_reset_synchronizer_0.v                                                           ;
; assignment_defaults.qdf                                                                 ;
; avgt_jesd204b_ad9250_ed_14_0.qsf                                                        ;
; avgt_jesd204b_ad9250_ed_14_0_assignment_defaults.qdf                                    ;
; control_unit/control_unit.sv                                                            ;
; core_pll.cmp                                                                            ;
; core_pll.qip                                                                            ;
; core_pll.v                                                                              ;
; core_pll/core_pll_0002.qip                                                              ;
; core_pll/core_pll_0002.v                                                                ;
; core_pll_reconfig.cmp                                                                   ;
; core_pll_reconfig.qip                                                                   ;
; core_pll_reconfig.v                                                                     ;
; core_pll_reconfig/altera_pll_reconfig_core.v                                            ;
; core_pll_reconfig/altera_pll_reconfig_top.v                                             ;
; gen_multi_sysref.v                                                                      ;
; issp.qip                                                                                ;
; issp.v                                                                                  ;
; jesd204b_avmm_interface.qsys                                                            ;
; jesd204b_ed.sv                                                                          ;
; jesd204b_ed_top.qpf                                                                     ;
; jesd204b_ed_top.v                                                                       ;
; jesd204b_ed_top_sdc.sdc                                                                 ;
; main.tcl                                                                                ;
; output_files/avgt_jesd204b_ad9250_ed_14_0.jdi                                           ;
; output_files/avgt_jesd204b_ad9250_ed_14_0_golden.sof                                    ;
; pattern/alternate_checker.sv                                                            ;
; pattern/alternate_generator.sv                                                          ;
; pattern/pattern_checker_top.sv                                                          ;
; pattern/pattern_generator_top.sv                                                        ;
; pattern/prbs_checker.sv                                                                 ;
; pattern/prbs_generator.sv                                                               ;
; pattern/ramp_checker.sv                                                                 ;
; pattern/ramp_generator.sv                                                               ;
; transport_layer/altera_jesd204_assembler.sv                                             ;
; transport_layer/altera_jesd204_deassembler.sv                                           ;
; transport_layer/altera_jesd204_transport_rx_top.sv                                      ;
; transport_layer/altera_jesd204_transport_tx_top.sv                                      ;
; xcvr_reconfig_controller.cmp                                                            ;
; xcvr_reconfig_controller.qip                                                            ;
; xcvr_reconfig_controller.v                                                              ;
; xcvr_reconfig_controller/alt_arbiter_acq.sv                                             ;
; xcvr_reconfig_controller/alt_xcvr_arbiter.sv                                            ;
; xcvr_reconfig_controller/alt_xcvr_csr_selector.sv                                       ;
; xcvr_reconfig_controller/alt_xcvr_m2s.sv                                                ;
; xcvr_reconfig_controller/alt_xcvr_reconfig.sv                                           ;
; xcvr_reconfig_controller/alt_xcvr_reconfig_adce.sv                                      ;
; xcvr_reconfig_controller/alt_xcvr_reconfig_analog.sv                                    ;
; xcvr_reconfig_controller/alt_xcvr_reconfig_analog_av.sv                                 ;
; xcvr_reconfig_controller/alt_xcvr_reconfig_basic.sv                                     ;
; xcvr_reconfig_controller/alt_xcvr_reconfig_cal_seq.sv                                   ;
; xcvr_reconfig_controller/alt_xcvr_reconfig_cpu.v                                        ;
; xcvr_reconfig_controller/alt_xcvr_reconfig_cpu_irq_mapper.sv                            ;
; xcvr_reconfig_controller/alt_xcvr_reconfig_cpu_mm_interconnect_0.v                      ;
; xcvr_reconfig_controller/alt_xcvr_reconfig_cpu_mm_interconnect_0_cmd_demux.sv           ;
; xcvr_reconfig_controller/alt_xcvr_reconfig_cpu_mm_interconnect_0_cmd_demux_001.sv       ;
; xcvr_reconfig_controller/alt_xcvr_reconfig_cpu_mm_interconnect_0_cmd_mux.sv             ;
; xcvr_reconfig_controller/alt_xcvr_reconfig_cpu_mm_interconnect_0_cmd_mux_001.sv         ;
; xcvr_reconfig_controller/alt_xcvr_reconfig_cpu_mm_interconnect_0_router.sv              ;
; xcvr_reconfig_controller/alt_xcvr_reconfig_cpu_mm_interconnect_0_router_001.sv          ;
; xcvr_reconfig_controller/alt_xcvr_reconfig_cpu_mm_interconnect_0_router_002.sv          ;
; xcvr_reconfig_controller/alt_xcvr_reconfig_cpu_mm_interconnect_0_router_003.sv          ;
; xcvr_reconfig_controller/alt_xcvr_reconfig_cpu_mm_interconnect_0_rsp_mux.sv             ;
; xcvr_reconfig_controller/alt_xcvr_reconfig_cpu_mm_interconnect_0_rsp_mux_001.sv         ;
; xcvr_reconfig_controller/alt_xcvr_reconfig_cpu_ram.hex                                  ;
; xcvr_reconfig_controller/alt_xcvr_reconfig_cpu_ram.sv                                   ;
; xcvr_reconfig_controller/alt_xcvr_reconfig_cpu_reconfig_cpu.v                           ;
; xcvr_reconfig_controller/alt_xcvr_reconfig_cpu_reconfig_cpu_rf_ram_a.mif                ;
; xcvr_reconfig_controller/alt_xcvr_reconfig_cpu_reconfig_cpu_rf_ram_b.mif                ;
; xcvr_reconfig_controller/alt_xcvr_reconfig_cpu_reconfig_cpu_test_bench.v                ;
; xcvr_reconfig_controller/alt_xcvr_reconfig_dcd.sv                                       ;
; xcvr_reconfig_controller/alt_xcvr_reconfig_dcd_av.sv                                    ;
; xcvr_reconfig_controller/alt_xcvr_reconfig_dcd_cal_av.sv                                ;
; xcvr_reconfig_controller/alt_xcvr_reconfig_dcd_control_av.sv                            ;
; xcvr_reconfig_controller/alt_xcvr_reconfig_dfe.sv                                       ;
; xcvr_reconfig_controller/alt_xcvr_reconfig_direct.sv                                    ;
; xcvr_reconfig_controller/alt_xcvr_reconfig_eyemon.sv                                    ;
; xcvr_reconfig_controller/alt_xcvr_reconfig_h.sv                                         ;
; xcvr_reconfig_controller/alt_xcvr_reconfig_mif.sv                                       ;
; xcvr_reconfig_controller/alt_xcvr_reconfig_offset_cancellation.sv                       ;
; xcvr_reconfig_controller/alt_xcvr_reconfig_offset_cancellation_av.sv                    ;
; xcvr_reconfig_controller/alt_xcvr_reconfig_pll.sv                                       ;
; xcvr_reconfig_controller/alt_xcvr_reconfig_soc.sv                                       ;
; xcvr_reconfig_controller/alt_xcvr_resync.sv                                             ;
; xcvr_reconfig_controller/alt_xreconf_analog_ctrlsm.sv                                   ;
; xcvr_reconfig_controller/alt_xreconf_analog_datactrl_av.sv                              ;
; xcvr_reconfig_controller/alt_xreconf_analog_rmw_av.sv                                   ;
; xcvr_reconfig_controller/alt_xreconf_basic_acq.sv                                       ;
; xcvr_reconfig_controller/alt_xreconf_cif.sv                                             ;
; xcvr_reconfig_controller/alt_xreconf_uif.sv                                             ;
; xcvr_reconfig_controller/altera_avalon_sc_fifo.v                                        ;
; xcvr_reconfig_controller/altera_merlin_arbitrator.sv                                    ;
; xcvr_reconfig_controller/altera_merlin_burst_uncompressor.sv                            ;
; xcvr_reconfig_controller/altera_merlin_master_agent.sv                                  ;
; xcvr_reconfig_controller/altera_merlin_master_translator.sv                             ;
; xcvr_reconfig_controller/altera_merlin_slave_agent.sv                                   ;
; xcvr_reconfig_controller/altera_merlin_slave_translator.sv                              ;
; xcvr_reconfig_controller/altera_reset_controller.sdc                                    ;
; xcvr_reconfig_controller/altera_reset_controller.v                                      ;
; xcvr_reconfig_controller/altera_reset_synchronizer.v                                    ;
; xcvr_reconfig_controller/altera_wait_generate.v                                         ;
; xcvr_reconfig_controller/altera_xcvr_functions.sv                                       ;
; xcvr_reconfig_controller/av_reconfig_bundle_to_basic.sv                                 ;
; xcvr_reconfig_controller/av_reconfig_bundle_to_xcvr.sv                                  ;
; xcvr_reconfig_controller/av_xcvr_h.sv                                                   ;
; xcvr_reconfig_controller/av_xcvr_reconfig.sdc                                           ;
; xcvr_reconfig_controller/av_xcvr_reconfig_basic.sv                                      ;
; xcvr_reconfig_controller/av_xcvr_reconfig_mif.sv                                        ;
; xcvr_reconfig_controller/av_xcvr_reconfig_mif_avmm.sv                                   ;
; xcvr_reconfig_controller/av_xcvr_reconfig_mif_ctrl.sv                                   ;
; xcvr_reconfig_controller/av_xcvr_reconfig_pll.sv                                        ;
; xcvr_reconfig_controller/av_xcvr_reconfig_pll_ctrl.sv                                   ;
; xcvr_reconfig_controller/av_xrbasic_l2p_addr.sv                                         ;
; xcvr_reconfig_controller/av_xrbasic_l2p_ch.sv                                           ;
; xcvr_reconfig_controller/av_xrbasic_l2p_rom.sv                                          ;
; xcvr_reconfig_controller/av_xrbasic_lif.sv                                              ;
; xcvr_reconfig_controller/av_xrbasic_lif_csr.sv                                          ;
; xcvr_reconfig_controller/plain_files.txt                                                ;
; xcvr_reconfig_controller/qencrypt_files.txt                                             ;
; xcvr_reconfig_controller/sv_reconfig_bundle_to_basic.sv                                 ;
; xcvr_reset_controller/alt_xcvr_reset_counter.sv                                         ;
; xcvr_reset_controller/alt_xcvr_resync.sv                                                ;
; xcvr_reset_controller/altera_xcvr_functions.sv                                          ;
; xcvr_reset_controller/altera_xcvr_reset_control.sv                                      ;
+-----------------------------------------------------------------------------------------+


+--------------------+
; Files Not Restored ;
+--------------------+
; File Name          ;
+--------------------+


